SF:lib/src/model/response/campaign_response.dart
DA:7,8
DA:8,16
DA:23,2
DA:25,0
DA:27,2
DA:28,2
DA:42,2
DA:45,0
DA:46,2
DA:48,2
DA:49,4
DA:51,0
LF:12
LH:9
end_of_record
SF:lib/src/model/response/campaign_response.g.dart
DA:9,1
DA:10,1
DA:11,1
DA:12,1
DA:13,1
DA:14,1
DA:16,2
DA:17,3
DA:18,1
DA:19,2
DA:20,1
DA:22,2
DA:23,1
DA:26,1
DA:27,1
DA:29,1
DA:31,1
DA:35,2
DA:36,3
DA:37,2
DA:38,2
DA:39,2
DA:40,3
DA:41,3
DA:42,3
DA:43,2
DA:47,1
DA:49,0
DA:50,0
DA:52,1
DA:53,4
DA:54,0
DA:56,0
DA:57,1
DA:60,1
DA:64,1
DA:67,2
DA:74,1
DA:76,1
DA:77,1
DA:78,1
DA:79,1
DA:80,1
DA:82,2
DA:83,3
DA:84,1
DA:85,1
DA:87,3
DA:88,1
DA:89,2
DA:91,1
DA:92,1
DA:93,1
DA:94,2
DA:95,1
DA:97,2
DA:98,1
DA:101,2
DA:103,2
DA:105,2
DA:107,2
DA:111,4
DA:112,6
DA:113,4
DA:114,4
DA:115,4
DA:116,6
DA:117,6
DA:118,6
DA:119,4
DA:120,4
DA:121,2
DA:123,2
DA:125,6
DA:126,4
LF:75
LH:71
end_of_record
SF:lib/src/model/response/rule_response.dart
DA:15,1
DA:17,2
DA:18,2
DA:20,0
DA:21,0
DA:23,0
LF:6
LH:3
end_of_record
SF:lib/src/model/response/rule_response.g.dart
DA:9,1
DA:10,1
DA:11,1
DA:12,1
DA:13,1
DA:14,1
DA:15,1
DA:16,1
DA:19,1
DA:20,1
DA:22,1
DA:24,1
DA:28,2
DA:29,2
DA:30,2
DA:31,2
DA:32,2
DA:33,2
LF:18
LH:18
end_of_record
SF:lib/src/model/voucher_config.g.dart
DA:9,3
DA:10,6
DA:11,9
DA:14,3
DA:15,3
DA:17,3
DA:19,3
DA:23,9
DA:24,6
DA:28,3
DA:30,0
DA:31,0
DA:33,3
DA:34,12
DA:35,0
DA:37,0
DA:38,3
DA:41,3
DA:45,3
DA:48,3
DA:54,0
DA:55,0
DA:56,0
DA:59,0
DA:60,0
DA:62,0
DA:64,0
DA:68,0
DA:69,0
DA:73,0
DA:74,0
DA:75,0
DA:78,0
DA:79,0
DA:81,0
DA:83,0
DA:87,0
DA:88,0
DA:89,0
DA:93,3
DA:94,3
DA:95,3
DA:96,3
DA:97,3
DA:98,3
DA:99,3
DA:102,4
DA:103,4
DA:105,4
DA:107,4
DA:111,8
DA:112,8
DA:113,8
DA:114,8
DA:115,8
DA:119,3
DA:121,3
DA:122,3
DA:124,6
DA:125,3
DA:127,9
DA:128,3
DA:129,9
DA:132,3
DA:134,3
DA:136,3
DA:138,3
DA:142,9
DA:143,6
DA:144,6
DA:145,3
DA:147,3
DA:149,9
DA:153,4
DA:160,1
DA:161,1
DA:162,1
DA:164,2
DA:165,1
DA:166,1
DA:167,3
DA:170,1
DA:171,1
DA:173,1
DA:175,1
DA:179,3
DA:180,2
DA:181,2
DA:182,2
DA:186,2
DA:187,2
DA:188,2
DA:190,4
DA:191,2
DA:192,6
DA:193,4
DA:196,3
DA:197,3
DA:199,3
DA:201,3
DA:205,9
DA:206,6
DA:207,6
DA:208,6
LF:104
LH:81
end_of_record
SF:lib/src/model/voucher_config.dart
DA:6,11
DA:7,12
DA:12,3
DA:14,0
DA:15,0
DA:21,6
DA:22,6
DA:23,6
DA:25,16
DA:26,0
DA:32,0
DA:33,0
DA:34,0
DA:36,0
DA:37,0
DA:44,0
DA:45,0
DA:46,0
DA:48,0
DA:49,0
DA:64,4
DA:65,6
DA:66,8
DA:68,2
DA:69,14
DA:70,18
DA:72,0
DA:75,10
DA:76,16
DA:84,4
DA:93,3
DA:94,3
DA:96,6
DA:97,6
DA:99,8
DA:100,6
DA:102,0
DA:107,3
DA:108,3
DA:110,3
DA:111,3
DA:112,6
DA:113,3
DA:114,0
DA:115,0
DA:116,0
DA:117,0
DA:119,0
DA:128,3
DA:129,9
DA:132,3
DA:144,1
DA:145,1
DA:146,2
DA:147,2
DA:149,0
DA:150,0
DA:152,0
DA:159,3
DA:160,3
DA:161,4
DA:162,6
DA:164,8
DA:165,6
DA:167,0
DA:171,3
DA:172,2
DA:174,2
DA:175,2
DA:176,4
DA:177,2
DA:178,2
DA:179,1
DA:180,0
DA:181,0
DA:183,0
DA:191,2
DA:192,6
DA:195,3
LF:79
LH:52
end_of_record
SF:lib/src/client/myriad_client.dart
DA:16,0
DA:23,0
DA:27,0
DA:29,0
DA:30,0
DA:31,0
DA:33,0
DA:34,0
DA:36,0
DA:37,0
DA:38,0
DA:39,0
DA:40,0
DA:42,0
DA:43,0
DA:44,0
DA:45,0
DA:46,0
DA:52,0
DA:58,0
LF:20
LH:0
end_of_record
SF:lib/src/common/myriad_error.dart
DA:10,1
DA:12,0
DA:13,0
LF:3
LH:1
end_of_record
SF:lib/src/common/myriad_error.g.dart
DA:9,0
DA:10,0
DA:13,0
DA:14,0
DA:16,0
DA:18,0
DA:22,0
DA:23,0
LF:8
LH:0
end_of_record
SF:lib/src/service/campaign_service.chopper.dart
DA:10,0
DA:12,0
DA:17,0
DA:21,0
DA:22,0
DA:23,0
LF:6
LH:0
end_of_record
SF:lib/src/service/campaign_service.dart
DA:10,0
LF:1
LH:0
end_of_record
SF:lib/src/model/campaign.dart
DA:10,6
DA:11,9
DA:23,2
DA:24,2
DA:37,2
DA:39,2
DA:40,2
DA:42,2
DA:43,4
DA:45,8
DA:46,6
DA:47,9
DA:48,9
DA:50,0
LF:14
LH:13
end_of_record
SF:lib/src/model/campaign.g.dart
DA:9,1
DA:11,1
DA:12,1
DA:13,1
DA:15,2
DA:16,3
DA:17,1
DA:18,1
DA:20,3
DA:21,1
DA:22,1
DA:23,2
DA:24,1
DA:25,1
DA:26,1
DA:27,1
DA:28,1
DA:29,3
DA:32,2
DA:34,2
DA:36,2
DA:38,2
DA:42,4
DA:43,4
DA:44,4
DA:45,6
DA:46,6
DA:47,6
DA:48,4
DA:49,4
DA:50,4
DA:51,2
DA:53,2
DA:55,6
DA:56,4
DA:60,1
DA:62,0
DA:63,0
DA:65,1
DA:66,4
DA:67,0
DA:69,0
DA:70,1
DA:73,1
DA:77,1
DA:80,2
LF:46
LH:42
end_of_record
SF:lib/src/model/rule.dart
DA:14,1
DA:16,2
DA:17,2
DA:19,0
DA:20,0
DA:22,0
LF:6
LH:3
end_of_record
SF:lib/src/model/rule.g.dart
DA:9,1
DA:10,1
DA:11,1
DA:12,1
DA:13,1
DA:14,1
DA:15,1
DA:18,1
DA:19,1
DA:21,1
DA:23,1
DA:27,2
DA:28,2
DA:29,2
DA:30,2
DA:31,2
LF:16
LH:16
end_of_record
SF:lib/src/converter/myriad_converter.dart
DA:12,0
DA:14,0
DA:17,0
DA:18,0
DA:20,0
DA:23,0
DA:26,0
DA:27,0
DA:29,0
DA:30,0
DA:32,0
DA:37,0
DA:40,0
DA:42,0
DA:45,0
DA:47,0
DA:49,0
DA:51,0
DA:53,0
DA:54,0
DA:63,0
DA:65,0
DA:66,0
DA:68,0
DA:74,0
LF:25
LH:0
end_of_record
